<?xml version="1.0" encoding="UTF-8"?>
<testng-results skipped="0" failed="0" total="1" passed="1">
  <reporter-output>
  </reporter-output>
  <suite name="Suite" duration-ms="25540" started-at="2016-09-21T06:00:18Z" finished-at="2016-09-21T06:00:44Z">
    <groups>
    </groups>
    <test name="Test" duration-ms="25540" started-at="2016-09-21T06:00:18Z" finished-at="2016-09-21T06:00:44Z">
      <class name="org_jenkin.Trident_SignupPage_Blank_Field_Validation_85633">
        <test-method status="PASS" signature="beforeMethod()[pri:0, instance:org_jenkin.Trident_SignupPage_Blank_Field_Validation_85633@2acf57e3]" name="beforeMethod" is-config="true" duration-ms="25472" started-at="2016-09-21T11:30:18Z" finished-at="2016-09-21T11:30:44Z">
          <reporter-output>
          </reporter-output>
        </test-method> <!-- beforeMethod -->
        <test-method status="PASS" signature="SignupPage_Multiple_Field_Blank()[pri:0, instance:org_jenkin.Trident_SignupPage_Blank_Field_Validation_85633@2acf57e3]" name="SignupPage_Multiple_Field_Blank" duration-ms="1" started-at="2016-09-21T11:30:44Z" finished-at="2016-09-21T11:30:44Z">
          <reporter-output>
          </reporter-output>
        </test-method> <!-- SignupPage_Multiple_Field_Blank -->
        <test-method status="PASS" signature="afterMethod(org.testng.ITestResult)[pri:0, instance:org_jenkin.Trident_SignupPage_Blank_Field_Validation_85633@2acf57e3]" name="afterMethod" is-config="true" duration-ms="31" started-at="2016-09-21T11:30:44Z" finished-at="2016-09-21T11:30:44Z">
          <params>
            <param index="0">
              <value>
                <![CDATA[[TestResult name=SignupPage_Multiple_Field_Blank status=SUCCESS method=Trident_SignupPage_Blank_Field_Validation_85633.SignupPage_Multiple_Field_Blank()[pri:0, instance:org_jenkin.Trident_SignupPage_Blank_Field_Validation_85633@2acf57e3] output={null}]]]>
              </value>
            </param>
          </params>
          <reporter-output>
          </reporter-output>
        </test-method> <!-- afterMethod -->
      </class> <!-- org_jenkin.Trident_SignupPage_Blank_Field_Validation_85633 -->
    </test> <!-- Test -->
  </suite> <!-- Suite -->
</testng-results>
