<?xml version="1.0" encoding="UTF-8"?>
<!-- Generated by org.testng.reporters.JUnitXMLReporter -->
<testsuite hostname="DD5B-D-FTMH6Q1" name="Command line test" tests="2" failures="0" timestamp="26 Sep 2016 08:39:38 GMT" time="69.689" errors="0">
  <testcase name="SignupPage_Multiple_Field_Blank" time="0.275" classname="jenkins.TestTrident_SignupPage_Blank_Field_Validation_85633"/>
  <testcase name="SignupPage_Invalid_Email_Address" time="0.0" classname="jenkins.TestTrident_SignupPage_Invalid_Email_Address_85630"/>
</testsuite>
