<?xml version="1.0" encoding="UTF-8"?>
<testng-results skipped="0" failed="0" total="1" passed="1">
  <reporter-output>
  </reporter-output>
  <suite name="jenkins.TestTrident_SignupPage_Blank_Field_Validation_26084" duration-ms="35872" started-at="2016-10-07T12:56:38Z" finished-at="2016-10-07T12:57:14Z">
    <groups>
    </groups>
    <test name="Command line test" duration-ms="35872" started-at="2016-10-07T12:56:38Z" finished-at="2016-10-07T12:57:14Z">
      <class name="jenkins.TestTrident_SignupPage_Blank_Field_Validation_26084">
        <test-method status="PASS" signature="beforeMethod()[pri:0, instance:jenkins.TestTrident_SignupPage_Blank_Field_Validation_26084@4de8b406]" name="beforeMethod" is-config="true" duration-ms="33343" started-at="2016-10-07T12:56:38Z" finished-at="2016-10-07T12:57:11Z">
        </test-method>
        <test-method status="PASS" signature="SignupPage_Multiple_Field_Blank()[pri:0, instance:jenkins.TestTrident_SignupPage_Blank_Field_Validation_26084@4de8b406]" name="SignupPage_Multiple_Field_Blank" duration-ms="182" started-at="2016-10-07T12:57:11Z" finished-at="2016-10-07T12:57:11Z">
        </test-method>
        <test-method status="PASS" signature="afterMethod(org.testng.ITestResult)[pri:0, instance:jenkins.TestTrident_SignupPage_Blank_Field_Validation_26084@4de8b406]" name="afterMethod" is-config="true" duration-ms="2336" started-at="2016-10-07T12:57:11Z" finished-at="2016-10-07T12:57:14Z">
          <params>
            <param index="0">
              <value>
                <![CDATA[[TestResult: SignupPage_Multiple_Field_Blank STATUS:SUCCESS METHOD:TestTrident_SignupPage_Blank_Field_Validation_26084.SignupPage_Multiple_Field_Blank()[pri:0, instance:jenkins.TestTrident_SignupPage_Blank_Field_Validation_26084@4de8b406]]
]]>
              </value>
            </param>
          </params>
        </test-method>
      </class>
    </test>
  </suite>
</testng-results>
