<?xml version="1.0" encoding="UTF-8"?>
<testng-results skipped="0" failed="0" total="1" passed="1">
  <reporter-output>
  </reporter-output>
  <suite name="jenkins.TestTrident_SignupPage_Blank_Field_Validation_85633" duration-ms="39383" started-at="2016-09-26T15:54:17Z" finished-at="2016-09-26T15:54:56Z">
    <groups>
    </groups>
    <test name="Command line test" duration-ms="39383" started-at="2016-09-26T15:54:17Z" finished-at="2016-09-26T15:54:56Z">
      <class name="jenkins.TestTrident_SignupPage_Blank_Field_Validation_85633">
        <test-method status="PASS" signature="beforeMethod()[pri:0, instance:jenkins.TestTrident_SignupPage_Blank_Field_Validation_85633@4de8b406]" name="beforeMethod" is-config="true" duration-ms="36722" started-at="2016-09-26T15:54:17Z" finished-at="2016-09-26T15:54:54Z">
        </test-method>
        <test-method status="PASS" signature="SignupPage_Multiple_Field_Blank()[pri:0, instance:jenkins.TestTrident_SignupPage_Blank_Field_Validation_85633@4de8b406]" name="SignupPage_Multiple_Field_Blank" duration-ms="239" started-at="2016-09-26T15:54:54Z" finished-at="2016-09-26T15:54:54Z">
        </test-method>
        <test-method status="PASS" signature="afterMethod(org.testng.ITestResult)[pri:0, instance:jenkins.TestTrident_SignupPage_Blank_Field_Validation_85633@4de8b406]" name="afterMethod" is-config="true" duration-ms="2397" started-at="2016-09-26T15:54:54Z" finished-at="2016-09-26T15:54:56Z">
          <params>
            <param index="0">
              <value>
                <![CDATA[[TestResult: SignupPage_Multiple_Field_Blank STATUS:SUCCESS METHOD:TestTrident_SignupPage_Blank_Field_Validation_85633.SignupPage_Multiple_Field_Blank()[pri:0, instance:jenkins.TestTrident_SignupPage_Blank_Field_Validation_85633@4de8b406]]
]]>
              </value>
            </param>
          </params>
        </test-method>
      </class>
    </test>
  </suite>
</testng-results>
