<?xml version="1.0" encoding="UTF-8"?>
<!-- Generated by org.testng.reporters.JUnitXMLReporter -->
<testsuite hostname="DDC2-DX-44W1N62" name="Default test" tests="3" failures="0" timestamp="13 Oct 2016 06:22:43 GMT" time="6.536" errors="0">
  <testcase name="testPageTitleSampleA" time="5.134" classname="jenkins.Newint"/>
  <testcase name="testSampleTwo" time="0.001" classname="jenkins.Newint"/>
  <testcase name="testSampleThree" time="0.002" classname="jenkins.Newint"/>
</testsuite> <!-- Default test -->
